# JRE version: Java(TM) SE Runtime Environment (8.0_11-b12) (build 1.8.0_11-b12)
# Java VM: Java HotSpot(TM) 64-Bit Server VM (25.11-b03 mixed mode bsd-amd64 compressed oops)
Heap:
 PSYoungGen      total 9728K, used 4486K [0x0000000795580000, 0x0000000796280000, 0x00000007c0000000)
  eden space 7680K, 37% used [0x0000000795580000,0x0000000795856d28,0x0000000795d00000)
  from space 2048K, 77% used [0x0000000795f80000,0x000000079610adf0,0x0000000796180000)
  to   space 2560K, 0% used [0x0000000795d00000,0x0000000795d00000,0x0000000795f80000)
 ParOldGen       total 129536K, used 46579K [0x0000000740000000, 0x0000000747e80000, 0x0000000795580000)
  object space 129536K, 35% used [0x0000000740000000,0x0000000742d7ce48,0x0000000747e80000)
 Metaspace       used 7457K, capacity 7567K, committed 7680K, reserved 1056768K
  class space    used 719K, capacity 754K, committed 768K, reserved 1048576K
GC Heap History (10 events):
Event: 0.201 GC heap before
{Heap before GC invocations=4 (full 0):
 PSYoungGen      total 1536K, used 1514K [0x0000000795580000, 0x0000000795880000, 0x00000007c0000000)
  eden space 1024K, 99% used [0x0000000795580000,0x000000079567e818,0x0000000795680000)
  from space 512K, 96% used [0x0000000795680000,0x00000007956fc010,0x0000000795700000)
  to   space 512K, 0% used [0x0000000795800000,0x0000000795800000,0x0000000795880000)
 ParOldGen       total 129536K, used 346K [0x0000000740000000, 0x0000000747e80000, 0x0000000795580000)
  object space 129536K, 0% used [0x0000000740000000,0x0000000740056bf8,0x0000000747e80000)
 Metaspace       used 3794K, capacity 5368K, committed 5632K, reserved 1056768K
  class space    used 388K, capacity 488K, committed 512K, reserved 1048576K
Event: 0.202 GC heap after
Heap after GC invocations=4 (full 0):
 PSYoungGen      total 2560K, used 487K [0x0000000795580000, 0x0000000795880000, 0x00000007c0000000)
  eden space 2048K, 0% used [0x0000000795580000,0x0000000795580000,0x0000000795780000)
  from space 512K, 95% used [0x0000000795800000,0x0000000795879c78,0x0000000795880000)
  to   space 512K, 0% used [0x0000000795780000,0x0000000795780000,0x0000000795800000)
 ParOldGen       total 129536K, used 640K [0x0000000740000000, 0x0000000747e80000, 0x0000000795580000)
  object space 129536K, 0% used [0x0000000740000000,0x00000007400a00c8,0x0000000747e80000)
 Metaspace       used 3794K, capacity 5368K, committed 5632K, reserved 1056768K
  class space    used 388K, capacity 488K, committed 512K, reserved 1048576K
}
Event: 0.529 GC heap before
{Heap before GC invocations=5 (full 0):
 PSYoungGen      total 2560K, used 2535K [0x0000000795580000, 0x0000000795880000, 0x00000007c0000000)
  eden space 2048K, 99% used [0x0000000795580000,0x000000079577ffb0,0x0000000795780000)
  from space 512K, 95% used [0x0000000795800000,0x0000000795879c78,0x0000000795880000)
  to   space 512K, 0% used [0x0000000795780000,0x0000000795780000,0x0000000795800000)
 ParOldGen       total 129536K, used 640K [0x0000000740000000, 0x0000000747e80000, 0x0000000795580000)
  object space 129536K, 0% used [0x0000000740000000,0x00000007400a00c8,0x0000000747e80000)
 Metaspace       used 5665K, capacity 5828K, committed 6144K, reserved 1056768K
  class space    used 615K, capacity 658K, committed 768K, reserved 1048576K
Event: 0.532 GC heap after
Heap after GC invocations=5 (full 0):
 PSYoungGen      total 2560K, used 512K [0x0000000795580000, 0x0000000795c80000, 0x00000007c0000000)
  eden space 2048K, 0% used [0x0000000795580000,0x0000000795580000,0x0000000795780000)
  from space 512K, 100% used [0x0000000795780000,0x0000000795800000,0x0000000795800000)
  to   space 1536K, 0% used [0x0000000795b00000,0x0000000795b00000,0x0000000795c80000)
 ParOldGen       total 129536K, used 1180K [0x0000000740000000, 0x0000000747e80000, 0x0000000795580000)
  object space 129536K, 0% used [0x0000000740000000,0x0000000740127270,0x0000000747e80000)
 Metaspace       used 5665K, capacity 5828K, committed 6144K, reserved 1056768K
  class space    used 615K, capacity 658K, committed 768K, reserved 1048576K
}
Event: 0.708 GC heap before
{Heap before GC invocations=6 (full 0):
 PSYoungGen      total 2560K, used 2559K [0x0000000795580000, 0x0000000795c80000, 0x00000007c0000000)
  eden space 2048K, 99% used [0x0000000795580000,0x000000079577ff78,0x0000000795780000)
  from space 512K, 100% used [0x0000000795780000,0x0000000795800000,0x0000000795800000)
  to   space 1536K, 0% used [0x0000000795b00000,0x0000000795b00000,0x0000000795c80000)
 ParOldGen       total 129536K, used 1180K [0x0000000740000000, 0x0000000747e80000, 0x0000000795580000)
  object space 129536K, 0% used [0x0000000740000000,0x0000000740127270,0x0000000747e80000)
 Metaspace       used 6485K, capacity 6559K, committed 6912K, reserved 1056768K
  class space    used 644K, capacity 658K, committed 768K, reserved 1048576K
Event: 0.710 GC heap after
Heap after GC invocations=6 (full 0):
 PSYoungGen      total 5632K, used 1130K [0x0000000795580000, 0x0000000795c80000, 0x00000007c0000000)
  eden space 4096K, 0% used [0x0000000795580000,0x0000000795580000,0x0000000795980000)
  from space 1536K, 73% used [0x0000000795b00000,0x0000000795c1aa58,0x0000000795c80000)
  to   space 1536K, 0% used [0x0000000795980000,0x0000000795980000,0x0000000795b00000)
 ParOldGen       total 129536K, used 1188K [0x0000000740000000, 0x0000000747e80000, 0x0000000795580000)
  object space 129536K, 0% used [0x0000000740000000,0x0000000740129270,0x0000000747e80000)
 Metaspace       used 6485K, capacity 6559K, committed 6912K, reserved 1056768K
  class space    used 644K, capacity 658K, committed 768K, reserved 1048576K
}
Event: 0.964 GC heap before
{Heap before GC invocations=7 (full 0):
 PSYoungGen      total 5632K, used 4490K [0x0000000795580000, 0x0000000795c80000, 0x00000007c0000000)
  eden space 4096K, 82% used [0x0000000795580000,0x00000007958c8198,0x0000000795980000)
  from space 1536K, 73% used [0x0000000795b00000,0x0000000795c1aa58,0x0000000795c80000)
  to   space 1536K, 0% used [0x0000000795980000,0x0000000795980000,0x0000000795b00000)
 ParOldGen       total 129536K, used 1188K [0x0000000740000000, 0x0000000747e80000, 0x0000000795580000)
  object space 129536K, 0% used [0x0000000740000000,0x0000000740129270,0x0000000747e80000)
 Metaspace       used 7231K, capacity 7311K, committed 7424K, reserved 1056768K
  class space    used 704K, capacity 754K, committed 768K, reserved 1048576K
Event: 0.968 GC heap after
Heap after GC invocations=7 (full 0):
 PSYoungGen      total 5632K, used 1528K [0x0000000795580000, 0x0000000796180000, 0x00000007c0000000)
  eden space 4096K, 0% used [0x0000000795580000,0x0000000795580000,0x0000000795980000)
  from space 1536K, 99% used [0x0000000795980000,0x0000000795afe1b0,0x0000000795b00000)
  to   space 2048K, 0% used [0x0000000795f80000,0x0000000795f80000,0x0000000796180000)
 ParOldGen       total 129536K, used 1850K [0x0000000740000000, 0x0000000747e80000, 0x0000000795580000)
  object space 129536K, 1% used [0x0000000740000000,0x00000007401ce908,0x0000000747e80000)
 Metaspace       used 7231K, capacity 7311K, committed 7424K, reserved 1056768K
  class space    used 704K, capacity 754K, committed 768K, reserved 1048576K
}
Event: 2.185 GC heap before
{Heap before GC invocations=8 (full 0):
 PSYoungGen      total 5632K, used 5517K [0x0000000795580000, 0x0000000796180000, 0x00000007c0000000)
  eden space 4096K, 97% used [0x0000000795580000,0x0000000795965468,0x0000000795980000)
  from space 1536K, 99% used [0x0000000795980000,0x0000000795afe1b0,0x0000000795b00000)
  to   space 2048K, 0% used [0x0000000795f80000,0x0000000795f80000,0x0000000796180000)
 ParOldGen       total 129536K, used 46499K [0x0000000740000000, 0x0000000747e80000, 0x0000000795580000)
  object space 129536K, 35% used [0x0000000740000000,0x0000000742d68e48,0x0000000747e80000)
 Metaspace       used 7242K, capacity 7375K, committed 7424K, reserved 1056768K
  class space    used 705K, capacity 754K, committed 768K, reserved 1048576K
Event: 2.188 GC heap after
Heap after GC invocations=8 (full 0):
 PSYoungGen      total 9728K, used 1579K [0x0000000795580000, 0x0000000796280000, 0x00000007c0000000)
  eden space 7680K, 0% used [0x0000000795580000,0x0000000795580000,0x0000000795d00000)
  from space 2048K, 77% used [0x0000000795f80000,0x000000079610adf0,0x0000000796180000)
  to   space 2560K, 0% used [0x0000000795d00000,0x0000000795d00000,0x0000000795f80000)
 ParOldGen       total 129536K, used 46579K [0x0000000740000000, 0x0000000747e80000, 0x0000000795580000)
  object space 129536K, 35% used [0x0000000740000000,0x0000000742d7ce48,0x0000000747e80000)
 Metaspace       used 7242K, capacity 7375K, committed 7424K, reserved 1056768K
  class space    used 705K, capacity 754K, committed 768K, reserved 1048576K
}

